<?xml version="1.0" encoding="UTF-8"?>
<!-- Generated by org.testng.reporters.JUnitXMLReporter -->
<testsuite ignored="4" hostname="DESKTOP-LEEFA11" failures="0" tests="3" name="Test" time="0.194" errors="0" timestamp="2023-11-24T17:03:14 IST">
  <testcase classname="org.subname1.Home2" name="t10" time="0.022"/>
  <testcase classname="org.subname1.Home1" name="t200" time="0.012"/>
  <testcase classname="org.subname1.Home1" name="t200" time="0.008"/>
  <testcase classname="org.subname1.Home2" name="t30" time="0.0">
    <ignored/>
  </testcase> <!-- t30 -->
  <testcase classname="org.subname1.Home2" name="t20" time="0.0">
    <ignored/>
  </testcase> <!-- t20 -->
  <testcase classname="org.subname1.Home1" name="t100" time="0.0">
    <ignored/>
  </testcase> <!-- t100 -->
  <testcase classname="org.subname1.Home1" name="t300" time="0.0">
    <ignored/>
  </testcase> <!-- t300 -->
</testsuite> <!-- Test -->
